<?xml version="1.0" encoding="utf-8"?><testsuites><testsuite name="pytest" errors="0" failures="0" skipped="0" tests="5" time="0.070" timestamp="2023-02-26T22:00:11.046553" hostname="RedDevil"><testcase classname="tests.test_bytebank.TestClass" name="test_quando_idade_recebe_13_03_2000_deve_retornar_23" time="0.002" /><testcase classname="tests.test_bytebank.TestClass" name="test_quando_sobrenome_recebe_Bruno_Guerreiro_de_Queiroz_deve_retornar_Guerreiro_de_Queiroz" time="0.001" /><testcase classname="tests.test_bytebank.TestClass" name="test_quando_salario_100000_deve_retornar_90000" time="0.001" /><testcase classname="tests.test_bytebank.TestClass" name="test_quando_calcular_bonus_recebe_1000_deve_retornar_100" time="0.001" /><testcase classname="tests.test_bytebank.TestClass" name="test_quando_calcular_bonus_recebe_10000000_deve_retornar_ExceptionError" time="0.001" /></testsuite></testsuites>